2025/10/07 20:52:06 server.go:43: [INFO] Logging initialized. Outputting to terminal and file.
2025/10/07 20:52:06 redisClient.go:28: ✅ Connected to Redis
2025/10/07 20:52:06 server.go:54: [INFO] Initializing server...
2025/10/07 20:52:06 server.go:67: [INFO] Setting up router...
2025/10/07 20:52:06 server.go:104: [INFO] All routes have been auto-seeded to database
2025/10/07 20:52:06 server.go:69: [INFO] Router setup completed.
2025/10/07 20:52:06 server.go:110: [INFO] Starting server at 0.0.0.0:8888...
2025/10/07 20:57:36 server.go:43: [INFO] Logging initialized. Outputting to terminal and file.
2025/10/07 20:57:36 redisClient.go:28: ✅ Connected to Redis
2025/10/07 20:57:36 server.go:54: [INFO] Initializing server...
2025/10/07 20:57:36 server.go:67: [INFO] Setting up router...
2025/10/07 20:57:36 server.go:104: [INFO] All routes have been auto-seeded to database
2025/10/07 20:57:36 server.go:69: [INFO] Router setup completed.
2025/10/07 20:57:36 server.go:110: [INFO] Starting server at 0.0.0.0:8888...
2025/10/07 20:57:47 server.go:76: [DEBUG] Request to GET /api/v1/users/
2025/10/07 20:57:47 server.go:77: [DEBUG] Headers: map[Accept:[*/*] Accept-Encoding:[gzip, deflate, br] Authorization:[Bearer eyJhbGciOiJIUzI1NiIsInR5cCI6IkpXVCJ9.eyJzdWIiOiJhNzI3YjhlMS1hZTY2LTRhOTYtYTc2YS1iOTVkYjdhMGZjMmEiLCJlbWFpbCI6IndlbGxzQGdvbGFuZy5jb20iLCJyb2xlcyI6WyJBZG1pbiJdLCJwZXJtaXNzaW9ucyI6W3sibmFtZSI6IkFkbWluIiwiY2FuX2NyZWF0ZSI6dHJ1ZSwiY2FuX3JlYWQiOnRydWUsImNhbl91cGRhdGUiOnRydWUsImNhbl9kZWxldGUiOnRydWUsImNhbl9leHBvcnQiOnRydWUsImNhbl9pbXBvcnQiOnRydWUsImNhbl92aWV3Ijp0cnVlfV0sImlzcyI6IndlbGxzLWFwaSIsImV4cCI6MTc1OTkyODY3MSwiaWF0IjoxNzU5ODQyMjcxfQ.3JggFqR_l2mK8emUD_goJYjTQ29W3ObQiLbZZILkkXM] Connection:[keep-alive] Postman-Token:[8670ac69-e866-47f0-976b-89557aac0906] Referer:[http://localhost:8888/api/v1/users?page=1&limit=10] User-Agent:[PostmanRuntime/7.48.0]]
2025/10/07 21:00:06 server.go:43: [INFO] Logging initialized. Outputting to terminal and file.
2025/10/07 21:00:06 redisClient.go:28: ✅ Connected to Redis
2025/10/07 21:00:06 server.go:54: [INFO] Initializing server...
2025/10/07 21:00:06 server.go:67: [INFO] Setting up router...
2025/10/07 21:00:06 server.go:104: [INFO] All routes have been auto-seeded to database
2025/10/07 21:00:06 server.go:69: [INFO] Router setup completed.
2025/10/07 21:00:06 server.go:110: [INFO] Starting server at 0.0.0.0:8888...
2025/10/07 21:00:14 server.go:76: [DEBUG] Request to GET /api/v1/roles/get/all/role
2025/10/07 21:00:14 server.go:77: [DEBUG] Headers: map[Accept:[*/*] Accept-Encoding:[gzip, deflate, br] Authorization:[Bearer eyJhbGciOiJIUzI1NiIsInR5cCI6IkpXVCJ9.eyJzdWIiOiJhNzI3YjhlMS1hZTY2LTRhOTYtYTc2YS1iOTVkYjdhMGZjMmEiLCJlbWFpbCI6IndlbGxzQGdvbGFuZy5jb20iLCJyb2xlcyI6WyJBZG1pbiJdLCJwZXJtaXNzaW9ucyI6W3sibmFtZSI6IkFkbWluIiwiY2FuX2NyZWF0ZSI6dHJ1ZSwiY2FuX3JlYWQiOnRydWUsImNhbl91cGRhdGUiOnRydWUsImNhbl9kZWxldGUiOnRydWUsImNhbl9leHBvcnQiOnRydWUsImNhbl9pbXBvcnQiOnRydWUsImNhbl92aWV3Ijp0cnVlfV0sImlzcyI6IndlbGxzLWFwaSIsImV4cCI6MTc1OTkyODY3MSwiaWF0IjoxNzU5ODQyMjcxfQ.3JggFqR_l2mK8emUD_goJYjTQ29W3ObQiLbZZILkkXM] Connection:[keep-alive] Postman-Token:[3eb49cb0-0c01-4e68-96c9-8ecfdc401fab] User-Agent:[PostmanRuntime/7.48.0]]
2025/10/07 21:03:26 server.go:43: [INFO] Logging initialized. Outputting to terminal and file.
2025/10/07 21:03:26 redisClient.go:28: ✅ Connected to Redis
2025/10/07 21:03:27 server.go:54: [INFO] Initializing server...
2025/10/07 21:03:27 server.go:67: [INFO] Setting up router...
2025/10/07 21:03:27 server.go:104: [INFO] All routes have been auto-seeded to database
2025/10/07 21:03:27 server.go:69: [INFO] Router setup completed.
2025/10/07 21:03:27 server.go:110: [INFO] Starting server at 0.0.0.0:8888...
2025/10/07 21:03:32 server.go:76: [DEBUG] Request to GET /api/v1/permissions/get/all
2025/10/07 21:03:32 server.go:77: [DEBUG] Headers: map[Accept:[*/*] Accept-Encoding:[gzip, deflate, br] Authorization:[Bearer eyJhbGciOiJIUzI1NiIsInR5cCI6IkpXVCJ9.eyJzdWIiOiJhNzI3YjhlMS1hZTY2LTRhOTYtYTc2YS1iOTVkYjdhMGZjMmEiLCJlbWFpbCI6IndlbGxzQGdvbGFuZy5jb20iLCJyb2xlcyI6WyJBZG1pbiJdLCJwZXJtaXNzaW9ucyI6W3sibmFtZSI6IkFkbWluIiwiY2FuX2NyZWF0ZSI6dHJ1ZSwiY2FuX3JlYWQiOnRydWUsImNhbl91cGRhdGUiOnRydWUsImNhbl9kZWxldGUiOnRydWUsImNhbl9leHBvcnQiOnRydWUsImNhbl9pbXBvcnQiOnRydWUsImNhbl92aWV3Ijp0cnVlfV0sImlzcyI6IndlbGxzLWFwaSIsImV4cCI6MTc1OTkyODY3MSwiaWF0IjoxNzU5ODQyMjcxfQ.3JggFqR_l2mK8emUD_goJYjTQ29W3ObQiLbZZILkkXM] Connection:[keep-alive] Postman-Token:[c836518d-53bc-4b39-a458-299036123cce] User-Agent:[PostmanRuntime/7.48.0]]
2025/10/07 21:07:07 server.go:43: [INFO] Logging initialized. Outputting to terminal and file.
2025/10/07 21:07:07 redisClient.go:28: ✅ Connected to Redis
2025/10/07 21:07:07 server.go:54: [INFO] Initializing server...
2025/10/07 21:07:07 server.go:67: [INFO] Setting up router...
2025/10/07 21:07:07 server.go:104: [INFO] All routes have been auto-seeded to database
2025/10/07 21:07:07 server.go:69: [INFO] Router setup completed.
2025/10/07 21:07:07 server.go:110: [INFO] Starting server at 0.0.0.0:8888...
2025/10/07 21:07:13 server.go:76: [DEBUG] Request to GET /api/v1/route-access/get/all
2025/10/07 21:07:13 server.go:77: [DEBUG] Headers: map[Accept:[*/*] Accept-Encoding:[gzip, deflate, br] Authorization:[Bearer eyJhbGciOiJIUzI1NiIsInR5cCI6IkpXVCJ9.eyJzdWIiOiJhNzI3YjhlMS1hZTY2LTRhOTYtYTc2YS1iOTVkYjdhMGZjMmEiLCJlbWFpbCI6IndlbGxzQGdvbGFuZy5jb20iLCJyb2xlcyI6WyJBZG1pbiJdLCJwZXJtaXNzaW9ucyI6W3sibmFtZSI6IkFkbWluIiwiY2FuX2NyZWF0ZSI6dHJ1ZSwiY2FuX3JlYWQiOnRydWUsImNhbl91cGRhdGUiOnRydWUsImNhbl9kZWxldGUiOnRydWUsImNhbl9leHBvcnQiOnRydWUsImNhbl9pbXBvcnQiOnRydWUsImNhbl92aWV3Ijp0cnVlfV0sImlzcyI6IndlbGxzLWFwaSIsImV4cCI6MTc1OTkyODY3MSwiaWF0IjoxNzU5ODQyMjcxfQ.3JggFqR_l2mK8emUD_goJYjTQ29W3ObQiLbZZILkkXM] Connection:[keep-alive] Postman-Token:[f7680f99-7afa-4bb0-b542-16abc82db9f7] User-Agent:[PostmanRuntime/7.48.0]]
